[38;5;112m[Appium][0m Welcome to Appium v2.11.1
[38;5;112m[Appium][0m Non-default server args:
[38;5;112m[Appium][0m { basePath: [32m'/wd/hub'[39m, loglevel: [32m'info'[39m, port: [33m51117[39m }
[38;5;112m[Appium][0m Attempting to load driver uiautomator2...
[38;5;112m[Appium][0m Appium REST http interface listener started on http://0.0.0.0:51117/wd/hub
[38;5;112m[Appium][0m You can provide the following URLs in your client code to connect to this server:
	http://127.0.0.1:51117/wd/hub (only accessible from the same host)
	http://192.168.100.35:51117/wd/hub
[38;5;112m[Appium][0m Available drivers:
[38;5;112m[Appium][0m   - uiautomator2@3.7.0 (automationName 'UiAutomator2')
[38;5;112m[Appium][0m No plugins have been installed. Use the "appium plugin" command to install the one(s) you want to use.
[38;5;86m[HTTP][0m [37m-->[39m [37mGET[39m [37m/wd/hub/status[39m {}
[38;5;86m[HTTP][0m <-- GET /wd/hub/status 200 2 ms - 111 
[38;5;86m[HTTP][0m [37m-->[39m [37mGET[39m [37m/wd/hub/status[39m {}
[38;5;86m[HTTP][0m <-- GET /wd/hub/status 200 2 ms - 111 
[38;5;86m[HTTP][0m [37m-->[39m [37mPOST[39m [37m/wd/hub/session[39m {"desiredCapabilities":{"appium:systemPort":51134,"appium:newCommandTimeout":1800,"appium:automationName":"uiautomator2","appium:fullReset":false,"appium:platformVersion":"13","appium:noReset":true,"appium:udid":"emulator-5554","appium:autoGrantPermissions":true,"appium:platformName":"ANDROID","appium:deviceName":"emulator-5554 (sdk_gphone64_arm64 - Android 13)","platformName":"Android","appium:app":"/Users/bashiralatisheolamilekan/Downloads/VertoTest/Thrive_Test.apk"},"capabilities":{"firstMatch":[{"appium:app":"/Users/bashiralatisheolamilekan/Downloads/VertoTest/Thrive_Test.apk","appium:autoGrantPermissions":true,"appium:automationName":"uiautomator2","appium:deviceName":"emulator-5554 (sdk_gphone64_arm64 - Android 13)","appium:fullReset":false,"appium:newCommandTimeout":1800,"appium:noReset":true,"appium:platformName":"ANDROID","appium:platformVersion":"13","appium:systemPort":51134,"appium:udid":"emulator-5554","platformName":"android"}]}}
[38;5;123m[BaseDriver][0m Ignoring capability 'appium:platformName=ANDROID' and using capability 'platformName=android'
[38;5;123m[BaseDriver][0m The capabilities ["platformName"] are standard capabilities and do not require "appium:" prefix
[38;5;112m[Appium][0m Attempting to find matching driver for automationName 'uiautomator2' and platformName 'android'
[38;5;112m[Appium][0m The 'uiautomator2' driver was installed and matched caps.
[38;5;112m[Appium][0m Will require it at /Users/bashiralatisheolamilekan/.appium/node_modules/appium-uiautomator2-driver
[38;5;116m[AppiumDriver@76ed][0m Appium v2.11.1 creating new AndroidUiautomator2Driver (v3.7.0) session
[38;5;116m[AppiumDriver@76ed][0m Checking BaseDriver versions for Appium and AndroidUiautomator2Driver
[38;5;116m[AppiumDriver@76ed][0m Appium's BaseDriver version is 9.11.1
[38;5;116m[AppiumDriver@76ed][0m AndroidUiautomator2Driver's BaseDriver version is 9.11.1
[38;5;140m[cf66fe06][0m[38;5;-161m[AndroidUiautomator2Driver@eb6e][0m Session created with session id: cf66fe06-2051-405a-abb4-664c360609bb
[38;5;140m[cf66fe06][0m[38;5;229m[ADB][0m Found 1 'build-tools' folders under '/Users/bashiralatisheolamilekan/.katalon/tools/android_sdk' (newest first):
[38;5;140m[cf66fe06][0m[38;5;229m[ADB][0m     /Users/bashiralatisheolamilekan/.katalon/tools/android_sdk/build-tools/29.0.3
[38;5;140m[cf66fe06][0m[38;5;229m[ADB][0m Using 'adb' from '/Users/bashiralatisheolamilekan/.katalon/tools/android_sdk/platform-tools/adb'
[38;5;140m[cf66fe06][0m[38;5;-161m[AndroidUiautomator2Driver@eb6e][0m Retrieving device list
[38;5;140m[cf66fe06][0m[38;5;-161m[AndroidUiautomator2Driver@eb6e][0m Using device: emulator-5554
[38;5;140m[cf66fe06][0m[38;5;229m[ADB][0m Using 'adb' from '/Users/bashiralatisheolamilekan/.katalon/tools/android_sdk/platform-tools/adb'
[38;5;140m[cf66fe06][0m[38;5;123m[BaseDriver][0m Using local app '/Users/bashiralatisheolamilekan/Downloads/VertoTest/Thrive_Test.apk'
[38;5;140m[cf66fe06][0m[38;5;229m[ADB][0m Getting device platform version
[38;5;140m[cf66fe06][0m[38;5;-161m[AndroidUiautomator2Driver@eb6e][0m Relaxing hidden api policy
[38;5;140m[cf66fe06][0m[38;5;229m[ADB][0m Package name: 'com.thrivebank.app'
[38;5;140m[cf66fe06][0m[38;5;229m[ADB][0m Main activity name: 'com.thrivebank.app.SplashActivity'
[38;5;140m[cf66fe06][0m[38;5;229m[ADB][0m Using 'apksigner.jar' from '/Users/bashiralatisheolamilekan/.katalon/tools/android_sdk/build-tools/29.0.3/lib/apksigner.jar'
[38;5;140m[cf66fe06][0m[38;5;-161m[AndroidUiautomator2Driver@eb6e][0m Server packages are not going to be (re)installed
[38;5;140m[cf66fe06][0m[38;5;229m[ADB][0m Adding packages ["io.appium.settings","io.appium.uiautomator2.server","io.appium.uiautomator2.server.test"] to Doze whitelist
[38;5;140m[cf66fe06][0m[38;5;229m[ADB][0m '/Users/bashiralatisheolamilekan/Downloads/VertoTest/Thrive_Test.apk' is signed with a non-default certificate
[38;5;140m[cf66fe06][0m[38;5;229m[ADB][0m The application at '/Users/bashiralatisheolamilekan/Downloads/VertoTest/Thrive_Test.apk' will not be cached, because the device under test has confirmed the support of streamed installs
[38;5;140m[cf66fe06][0m[38;5;229m[ADB][0m The installation of 'Thrive_Test.apk' took 5057ms
[38;5;140m[cf66fe06][0m[38;5;-161m[AndroidUiautomator2Driver@eb6e][0m Starting UIAutomator2 server 7.0.15
[38;5;140m[cf66fe06][0m[38;5;-161m[AndroidUiautomator2Driver@eb6e][0m Using UIAutomator2 server from '/Users/bashiralatisheolamilekan/.appium/node_modules/appium-uiautomator2-driver/node_modules/appium-uiautomator2-server/apks/appium-uiautomator2-server-v7.0.15.apk' and test from '/Users/bashiralatisheolamilekan/.appium/node_modules/appium-uiautomator2-driver/node_modules/appium-uiautomator2-server/apks/appium-uiautomator2-server-debug-androidTest.apk'
[38;5;140m[cf66fe06][0m[38;5;-161m[AndroidUiautomator2Driver@eb6e][0m Waiting up to 30000ms for UiAutomator2 to be online...
[38;5;140m[cf66fe06][0m[38;5;-161m[AndroidUiautomator2Driver@eb6e][0m socket hang up
[38;5;140m[cf66fe06][0m[38;5;-161m[AndroidUiautomator2Driver@eb6e][0m socket hang up
[38;5;140m[cf66fe06][0m[38;5;-161m[AndroidUiautomator2Driver@eb6e][0m socket hang up
[38;5;140m[cf66fe06][0m[38;5;-161m[AndroidUiautomator2Driver@eb6e][0m Determined the downstream protocol as 'W3C'
[38;5;140m[cf66fe06][0m[38;5;-161m[AndroidUiautomator2Driver@eb6e][0m Screen already unlocked, doing nothing
[38;5;140m[cf66fe06][0m[38;5;-161m[AndroidUiautomator2Driver@eb6e][0m Starting 'com.thrivebank.app/com.thrivebank.app.SplashActivity and waiting for 'com.thrivebank.app/com.thrivebank.app.SplashActivity'
[38;5;140m[cf66fe06][0m[38;5;116m[AppiumDriver@76ed][0m New AndroidUiautomator2Driver session created successfully, session cf66fe06-2051-405a-abb4-664c360609bb added to master session list
[38;5;140m[cf66fe06][0m[38;5;86m[HTTP][0m <-- POST /wd/hub/session 200 12293 ms - 1252 
[38;5;140m[cf66fe06][0m[38;5;86m[HTTP][0m [37m-->[39m [37mGET[39m [37m/wd/hub/session/cf66fe06-2051-405a-abb4-664c360609bb[39m {}
[38;5;140m[cf66fe06][0m[38;5;86m[HTTP][0m <-- GET /wd/hub/session/cf66fe06-2051-405a-abb4-664c360609bb 200 11 ms - 380 
[38;5;140m[cf66fe06][0m[38;5;86m[HTTP][0m [37m-->[39m [37mGET[39m [37m/wd/hub/session/cf66fe06-2051-405a-abb4-664c360609bb[39m {}
[38;5;140m[cf66fe06][0m[38;5;86m[HTTP][0m <-- GET /wd/hub/session/cf66fe06-2051-405a-abb4-664c360609bb 200 4 ms - 380 
[38;5;86m[HTTP][0m [37m-->[39m [37mGET[39m [37m/wd/hub/status[39m {}
[38;5;86m[HTTP][0m <-- GET /wd/hub/status 200 0 ms - 111 
[38;5;140m[cf66fe06][0m[38;5;86m[HTTP][0m [37m-->[39m [37mPOST[39m [37m/wd/hub/session/cf66fe06-2051-405a-abb4-664c360609bb/timeouts[39m {"implicit":60000}
[38;5;140m[cf66fe06][0m[38;5;86m[HTTP][0m <-- POST /wd/hub/session/cf66fe06-2051-405a-abb4-664c360609bb/timeouts 200 1 ms - 14 
[38;5;140m[cf66fe06][0m[38;5;86m[HTTP][0m [37m-->[39m [37mGET[39m [37m/wd/hub/session/cf66fe06-2051-405a-abb4-664c360609bb/source[39m {}
[38;5;140m[cf66fe06][0m[38;5;-161m[AndroidUiautomator2Driver@eb6e][0m Driver proxy active, passing request on via HTTP proxy
[38;5;140m[cf66fe06][0m[38;5;-161m[AndroidUiautomator2Driver@eb6e][0m Replacing sessionId 9b78f21a-780c-48e5-9758-2e90d9c78f5a with cf66fe06-2051-405a-abb4-664c360609bb
[38;5;140m[cf66fe06][0m[38;5;86m[HTTP][0m <-- GET /wd/hub/session/cf66fe06-2051-405a-abb4-664c360609bb/source 200 37 ms - 3637 
[38;5;140m[cf66fe06][0m[38;5;86m[HTTP][0m [37m-->[39m [37mGET[39m [37m/wd/hub/session/cf66fe06-2051-405a-abb4-664c360609bb/screenshot[39m {}
[38;5;140m[cf66fe06][0m[38;5;86m[HTTP][0m <-- GET /wd/hub/session/cf66fe06-2051-405a-abb4-664c360609bb/screenshot 200 580 ms - 158092 
[38;5;140m[cf66fe06][0m[38;5;86m[HTTP][0m [37m-->[39m [37mGET[39m [37m/wd/hub/session/cf66fe06-2051-405a-abb4-664c360609bb/contexts[39m {}
[38;5;140m[cf66fe06][0m[38;5;86m[HTTP][0m <-- GET /wd/hub/session/cf66fe06-2051-405a-abb4-664c360609bb/contexts 200 296 ms - 24 
[38;5;140m[cf66fe06][0m[38;5;86m[HTTP][0m [37m-->[39m [37mPOST[39m [37m/wd/hub/session/cf66fe06-2051-405a-abb4-664c360609bb/context[39m {"name":"NATIVE_APP"}
[38;5;140m[cf66fe06][0m[38;5;86m[HTTP][0m <-- POST /wd/hub/session/cf66fe06-2051-405a-abb4-664c360609bb/context 200 5 ms - 14 
[38;5;140m[cf66fe06][0m[38;5;86m[HTTP][0m [37m-->[39m [37mGET[39m [37m/wd/hub/session/cf66fe06-2051-405a-abb4-664c360609bb/source[39m {}
[38;5;140m[cf66fe06][0m[38;5;-161m[AndroidUiautomator2Driver@eb6e][0m Driver proxy active, passing request on via HTTP proxy
[38;5;140m[cf66fe06][0m[38;5;-161m[AndroidUiautomator2Driver@eb6e][0m Replacing sessionId 9b78f21a-780c-48e5-9758-2e90d9c78f5a with cf66fe06-2051-405a-abb4-664c360609bb
[38;5;140m[cf66fe06][0m[38;5;86m[HTTP][0m <-- GET /wd/hub/session/cf66fe06-2051-405a-abb4-664c360609bb/source 200 126 ms - 59720 
[38;5;140m[cf66fe06][0m[38;5;86m[HTTP][0m [37m-->[39m [37mGET[39m [37m/wd/hub/session/cf66fe06-2051-405a-abb4-664c360609bb/screenshot[39m {}
[38;5;140m[cf66fe06][0m[38;5;86m[HTTP][0m <-- GET /wd/hub/session/cf66fe06-2051-405a-abb4-664c360609bb/screenshot 200 392 ms - 199220 
[38;5;140m[cf66fe06][0m[38;5;86m[HTTP][0m [37m-->[39m [37mGET[39m [37m/wd/hub/session/cf66fe06-2051-405a-abb4-664c360609bb/window/rect[39m {}
[38;5;140m[cf66fe06][0m[38;5;86m[HTTP][0m <-- GET /wd/hub/session/cf66fe06-2051-405a-abb4-664c360609bb/window/rect 200 14 ms - 50 
[38;5;140m[cf66fe06][0m[38;5;86m[HTTP][0m [37m-->[39m [37mPOST[39m [37m/wd/hub/session/cf66fe06-2051-405a-abb4-664c360609bb/elements[39m {"using":"xpath","value":"//*[@class = 'android.widget.TextView' and (@text = 'Logout' or . = 'Logout')]"}
[38;5;140m[cf66fe06][0m[38;5;86m[HTTP][0m <-- POST /wd/hub/session/cf66fe06-2051-405a-abb4-664c360609bb/elements 200 243 ms - 139 
[38;5;140m[cf66fe06][0m[38;5;86m[HTTP][0m [37m-->[39m [37mGET[39m [37m/wd/hub/session/cf66fe06-2051-405a-abb4-664c360609bb/element/00000000-0000-002e-ffff-ffff00000198/location[39m {}
[38;5;140m[cf66fe06][0m[38;5;-161m[AndroidUiautomator2Driver@eb6e][0m Driver proxy active, passing request on via HTTP proxy
[38;5;140m[cf66fe06][0m[38;5;-161m[AndroidUiautomator2Driver@eb6e][0m Replacing sessionId 9b78f21a-780c-48e5-9758-2e90d9c78f5a with cf66fe06-2051-405a-abb4-664c360609bb
[38;5;140m[cf66fe06][0m[38;5;86m[HTTP][0m <-- GET /wd/hub/session/cf66fe06-2051-405a-abb4-664c360609bb/element/00000000-0000-002e-ffff-ffff00000198/location 200 7 ms - 79 
[38;5;140m[cf66fe06][0m[38;5;86m[HTTP][0m [37m-->[39m [37mPOST[39m [37m/wd/hub/session/cf66fe06-2051-405a-abb4-664c360609bb/element/00000000-0000-002e-ffff-ffff00000198/click[39m {"id":"00000000-0000-002e-ffff-ffff00000198"}
[38;5;140m[cf66fe06][0m[38;5;86m[HTTP][0m <-- POST /wd/hub/session/cf66fe06-2051-405a-abb4-664c360609bb/element/00000000-0000-002e-ffff-ffff00000198/click 200 95 ms - 14 
[38;5;140m[cf66fe06][0m[38;5;86m[HTTP][0m [37m-->[39m [37mGET[39m [37m/wd/hub/session/cf66fe06-2051-405a-abb4-664c360609bb/source[39m {}
[38;5;140m[cf66fe06][0m[38;5;-161m[AndroidUiautomator2Driver@eb6e][0m Driver proxy active, passing request on via HTTP proxy
[38;5;140m[cf66fe06][0m[38;5;-161m[AndroidUiautomator2Driver@eb6e][0m Replacing sessionId 9b78f21a-780c-48e5-9758-2e90d9c78f5a with cf66fe06-2051-405a-abb4-664c360609bb
[38;5;140m[cf66fe06][0m[38;5;86m[HTTP][0m <-- GET /wd/hub/session/cf66fe06-2051-405a-abb4-664c360609bb/source 200 327 ms - 32005 
[38;5;140m[cf66fe06][0m[38;5;86m[HTTP][0m [37m-->[39m [37mGET[39m [37m/wd/hub/session/cf66fe06-2051-405a-abb4-664c360609bb/screenshot[39m {}
[38;5;140m[cf66fe06][0m[38;5;86m[HTTP][0m <-- GET /wd/hub/session/cf66fe06-2051-405a-abb4-664c360609bb/screenshot 200 189 ms - 148228 
[38;5;140m[cf66fe06][0m[38;5;86m[HTTP][0m [37m-->[39m [37mGET[39m [37m/wd/hub/session/cf66fe06-2051-405a-abb4-664c360609bb/screenshot[39m {}
[38;5;140m[cf66fe06][0m[38;5;86m[HTTP][0m <-- GET /wd/hub/session/cf66fe06-2051-405a-abb4-664c360609bb/screenshot 200 254 ms - 148300 
[38;5;140m[cf66fe06][0m[38;5;86m[HTTP][0m [37m-->[39m [37mGET[39m [37m/wd/hub/session/cf66fe06-2051-405a-abb4-664c360609bb/source[39m {}
[38;5;140m[cf66fe06][0m[38;5;-161m[AndroidUiautomator2Driver@eb6e][0m Driver proxy active, passing request on via HTTP proxy
[38;5;140m[cf66fe06][0m[38;5;-161m[AndroidUiautomator2Driver@eb6e][0m Replacing sessionId 9b78f21a-780c-48e5-9758-2e90d9c78f5a with cf66fe06-2051-405a-abb4-664c360609bb
[38;5;140m[cf66fe06][0m[38;5;86m[HTTP][0m <-- GET /wd/hub/session/cf66fe06-2051-405a-abb4-664c360609bb/source 200 85 ms - 32005 
[38;5;140m[cf66fe06][0m[38;5;86m[HTTP][0m [37m-->[39m [37mGET[39m [37m/wd/hub/session/cf66fe06-2051-405a-abb4-664c360609bb/screenshot[39m {}
[38;5;140m[cf66fe06][0m[38;5;86m[HTTP][0m <-- GET /wd/hub/session/cf66fe06-2051-405a-abb4-664c360609bb/screenshot 200 180 ms - 148300 
[38;5;140m[cf66fe06][0m[38;5;86m[HTTP][0m [37m-->[39m [37mDELETE[39m [37m/wd/hub/session/cf66fe06-2051-405a-abb4-664c360609bb[39m {}
[38;5;140m[cf66fe06][0m[38;5;116m[AppiumDriver@76ed][0m Removing session cf66fe06-2051-405a-abb4-664c360609bb from our master session list
[38;5;140m[cf66fe06][0m[38;5;-161m[AndroidUiautomator2Driver@eb6e][0m Restoring hidden api policy to the device default configuration
[38;5;140m[cf66fe06][0m[38;5;86m[HTTP][0m <-- DELETE /wd/hub/session/cf66fe06-2051-405a-abb4-664c360609bb 200 259 ms - 14 
[38;5;112m[Appium][0m Received SIGTERM - shutting down
[38;5;86m[HTTP][0m Waiting until the server is closed
[38;5;86m[HTTP][0m Received server close event
